Analysis & Synthesis report for myULA
Fri Oct 06 14:58:14 2017
Quartus II 64-Bit Version 13.0.1 Build 232 06/12/2013 Service Pack 1 SJ Web Edition


---------------------
; Table of Contents ;
---------------------
  1. Legal Notice
  2. Analysis & Synthesis Summary
  3. Analysis & Synthesis Settings
  4. Parallel Compilation
  5. Analysis & Synthesis Source Files Read
  6. Analysis & Synthesis Resource Usage Summary
  7. Analysis & Synthesis Resource Utilization by Entity
  8. User-Specified and Inferred Latches
  9. General Register Statistics
 10. Multiplexer Restructuring Statistics (Restructuring Performed)
 11. Elapsed Time Per Partition
 12. Analysis & Synthesis Messages



----------------
; Legal Notice ;
----------------
Copyright (C) 1991-2013 Altera Corporation
Your use of Altera Corporation's design tools, logic functions 
and other software and tools, and its AMPP partner logic 
functions, and any output files from any of the foregoing 
(including device programming or simulation files), and any 
associated documentation or information are expressly subject 
to the terms and conditions of the Altera Program License 
Subscription Agreement, Altera MegaCore Function License 
Agreement, or other applicable license agreement, including, 
without limitation, that your use is for the sole purpose of 
programming logic devices manufactured by Altera and sold by 
Altera or its authorized distributors.  Please refer to the 
applicable agreement for further details.



+--------------------------------------------------------------------------------------+
; Analysis & Synthesis Summary                                                         ;
+------------------------------------+-------------------------------------------------+
; Analysis & Synthesis Status        ; Successful - Fri Oct 06 14:58:14 2017           ;
; Quartus II 64-Bit Version          ; 13.0.1 Build 232 06/12/2013 SP 1 SJ Web Edition ;
; Revision Name                      ; myULA                                           ;
; Top-level Entity Name              ; myULA_top                                       ;
; Family                             ; Cyclone IV E                                    ;
; Total logic elements               ; 247                                             ;
;     Total combinational functions  ; 247                                             ;
;     Dedicated logic registers      ; 16                                              ;
; Total registers                    ; 16                                              ;
; Total pins                         ; 47                                              ;
; Total virtual pins                 ; 0                                               ;
; Total memory bits                  ; 0                                               ;
; Embedded Multiplier 9-bit elements ; 0                                               ;
; Total PLLs                         ; 0                                               ;
+------------------------------------+-------------------------------------------------+


+----------------------------------------------------------------------------------------------------------------------+
; Analysis & Synthesis Settings                                                                                        ;
+----------------------------------------------------------------------------+--------------------+--------------------+
; Option                                                                     ; Setting            ; Default Value      ;
+----------------------------------------------------------------------------+--------------------+--------------------+
; Device                                                                     ; EP4CE115F29C7      ;                    ;
; Top-level entity name                                                      ; myULA_top          ; myULA              ;
; Family name                                                                ; Cyclone IV E       ; Cyclone IV GX      ;
; Use smart compilation                                                      ; Off                ; Off                ;
; Enable parallel Assembler and TimeQuest Timing Analyzer during compilation ; On                 ; On                 ;
; Enable compact report table                                                ; Off                ; Off                ;
; Restructure Multiplexers                                                   ; Auto               ; Auto               ;
; Create Debugging Nodes for IP Cores                                        ; Off                ; Off                ;
; Preserve fewer node names                                                  ; On                 ; On                 ;
; Disable OpenCore Plus hardware evaluation                                  ; Off                ; Off                ;
; Verilog Version                                                            ; Verilog_2001       ; Verilog_2001       ;
; VHDL Version                                                               ; VHDL_1993          ; VHDL_1993          ;
; State Machine Processing                                                   ; Auto               ; Auto               ;
; Safe State Machine                                                         ; Off                ; Off                ;
; Extract Verilog State Machines                                             ; On                 ; On                 ;
; Extract VHDL State Machines                                                ; On                 ; On                 ;
; Ignore Verilog initial constructs                                          ; Off                ; Off                ;
; Iteration limit for constant Verilog loops                                 ; 5000               ; 5000               ;
; Iteration limit for non-constant Verilog loops                             ; 250                ; 250                ;
; Add Pass-Through Logic to Inferred RAMs                                    ; On                 ; On                 ;
; Infer RAMs from Raw Logic                                                  ; On                 ; On                 ;
; Parallel Synthesis                                                         ; On                 ; On                 ;
; DSP Block Balancing                                                        ; Auto               ; Auto               ;
; NOT Gate Push-Back                                                         ; On                 ; On                 ;
; Power-Up Don't Care                                                        ; On                 ; On                 ;
; Remove Redundant Logic Cells                                               ; Off                ; Off                ;
; Remove Duplicate Registers                                                 ; On                 ; On                 ;
; Ignore CARRY Buffers                                                       ; Off                ; Off                ;
; Ignore CASCADE Buffers                                                     ; Off                ; Off                ;
; Ignore GLOBAL Buffers                                                      ; Off                ; Off                ;
; Ignore ROW GLOBAL Buffers                                                  ; Off                ; Off                ;
; Ignore LCELL Buffers                                                       ; Off                ; Off                ;
; Ignore SOFT Buffers                                                        ; On                 ; On                 ;
; Limit AHDL Integers to 32 Bits                                             ; Off                ; Off                ;
; Optimization Technique                                                     ; Balanced           ; Balanced           ;
; Carry Chain Length                                                         ; 70                 ; 70                 ;
; Auto Carry Chains                                                          ; On                 ; On                 ;
; Auto Open-Drain Pins                                                       ; On                 ; On                 ;
; Perform WYSIWYG Primitive Resynthesis                                      ; Off                ; Off                ;
; Auto ROM Replacement                                                       ; On                 ; On                 ;
; Auto RAM Replacement                                                       ; On                 ; On                 ;
; Auto DSP Block Replacement                                                 ; On                 ; On                 ;
; Auto Shift Register Replacement                                            ; Auto               ; Auto               ;
; Allow Shift Register Merging across Hierarchies                            ; Auto               ; Auto               ;
; Auto Clock Enable Replacement                                              ; On                 ; On                 ;
; Strict RAM Replacement                                                     ; Off                ; Off                ;
; Allow Synchronous Control Signals                                          ; On                 ; On                 ;
; Force Use of Synchronous Clear Signals                                     ; Off                ; Off                ;
; Auto RAM Block Balancing                                                   ; On                 ; On                 ;
; Auto RAM to Logic Cell Conversion                                          ; Off                ; Off                ;
; Auto Resource Sharing                                                      ; Off                ; Off                ;
; Allow Any RAM Size For Recognition                                         ; Off                ; Off                ;
; Allow Any ROM Size For Recognition                                         ; Off                ; Off                ;
; Allow Any Shift Register Size For Recognition                              ; Off                ; Off                ;
; Use LogicLock Constraints during Resource Balancing                        ; On                 ; On                 ;
; Ignore translate_off and synthesis_off directives                          ; Off                ; Off                ;
; Timing-Driven Synthesis                                                    ; On                 ; On                 ;
; Report Parameter Settings                                                  ; On                 ; On                 ;
; Report Source Assignments                                                  ; On                 ; On                 ;
; Report Connectivity Checks                                                 ; On                 ; On                 ;
; Ignore Maximum Fan-Out Assignments                                         ; Off                ; Off                ;
; Synchronization Register Chain Length                                      ; 2                  ; 2                  ;
; PowerPlay Power Optimization                                               ; Normal compilation ; Normal compilation ;
; HDL message level                                                          ; Level2             ; Level2             ;
; Suppress Register Optimization Related Messages                            ; Off                ; Off                ;
; Number of Removed Registers Reported in Synthesis Report                   ; 5000               ; 5000               ;
; Number of Swept Nodes Reported in Synthesis Report                         ; 5000               ; 5000               ;
; Number of Inverted Registers Reported in Synthesis Report                  ; 100                ; 100                ;
; Clock MUX Protection                                                       ; On                 ; On                 ;
; Auto Gated Clock Conversion                                                ; Off                ; Off                ;
; Block Design Naming                                                        ; Auto               ; Auto               ;
; SDC constraint protection                                                  ; Off                ; Off                ;
; Synthesis Effort                                                           ; Auto               ; Auto               ;
; Shift Register Replacement - Allow Asynchronous Clear Signal               ; On                 ; On                 ;
; Pre-Mapping Resynthesis Optimization                                       ; Off                ; Off                ;
; Analysis & Synthesis Message Level                                         ; Medium             ; Medium             ;
; Disable Register Merging Across Hierarchies                                ; Auto               ; Auto               ;
; Resource Aware Inference For Block RAM                                     ; On                 ; On                 ;
; Synthesis Seed                                                             ; 1                  ; 1                  ;
+----------------------------------------------------------------------------+--------------------+--------------------+


Parallel compilation was disabled, but you have multiple processors available. Enable parallel compilation to reduce compilation time.
+-------------------------------------+
; Parallel Compilation                ;
+----------------------------+--------+
; Processors                 ; Number ;
+----------------------------+--------+
; Number detected on machine ; 8      ;
; Maximum allowed            ; 1      ;
+----------------------------+--------+


+------------------------------------------------------------------------------------------------------------------------------------------------------+
; Analysis & Synthesis Source Files Read                                                                                                               ;
+----------------------------------+-----------------+------------------------------------+--------------------------------------------------+---------+
; File Name with User-Entered Path ; Used in Netlist ; File Type                          ; File Name with Absolute Path                     ; Library ;
+----------------------------------+-----------------+------------------------------------+--------------------------------------------------+---------+
; myULA_top.bdf                    ; yes             ; User Block Diagram/Schematic File  ; F:/aula20171006/Projeto ULA/myULA_top.bdf        ;         ;
; registrador.vhd                  ; yes             ; User VHDL File                     ; F:/aula20171006/Projeto ULA/registrador.vhd      ;         ;
; operaçãoLogica.vhd               ; yes             ; User VHDL File                     ; F:/aula20171006/Projeto ULA/operaçãoLogica.vhd   ;         ;
; delocBits.vhd                    ; yes             ; User VHDL File                     ; F:/aula20171006/Projeto ULA/delocBits.vhd        ;         ;
; somado&subtrator.vhd             ; yes             ; User VHDL File                     ; F:/aula20171006/Projeto ULA/somado&subtrator.vhd ;         ;
; multiplexador.vhd                ; yes             ; User VHDL File                     ; F:/aula20171006/Projeto ULA/multiplexador.vhd    ;         ;
; drv_7segm.vhd                    ; yes             ; User VHDL File                     ; F:/aula20171006/Projeto ULA/drv_7segm.vhd        ;         ;
+----------------------------------+-----------------+------------------------------------+--------------------------------------------------+---------+


+------------------------------------------------------------------------+
; Analysis & Synthesis Resource Usage Summary                            ;
+---------------------------------------------+--------------------------+
; Resource                                    ; Usage                    ;
+---------------------------------------------+--------------------------+
; Estimated Total logic elements              ; 247                      ;
;                                             ;                          ;
; Total combinational functions               ; 247                      ;
; Logic element usage by number of LUT inputs ;                          ;
;     -- 4 input functions                    ; 179                      ;
;     -- 3 input functions                    ; 57                       ;
;     -- <=2 input functions                  ; 11                       ;
;                                             ;                          ;
; Logic elements by mode                      ;                          ;
;     -- normal mode                          ; 247                      ;
;     -- arithmetic mode                      ; 0                        ;
;                                             ;                          ;
; Total registers                             ; 16                       ;
;     -- Dedicated logic registers            ; 16                       ;
;     -- I/O registers                        ; 0                        ;
;                                             ;                          ;
; I/O pins                                    ; 47                       ;
; Embedded Multiplier 9-bit elements          ; 0                        ;
; Maximum fan-out node                        ; mux_8bits_4x1:inst2|q[2] ;
; Maximum fan-out                             ; 50                       ;
; Total fan-out                               ; 1032                     ;
; Average fan-out                             ; 2.89                     ;
+---------------------------------------------+--------------------------+


+----------------------------------------------------------------------------------------------------------------------------------------------------------------------------------------------+
; Analysis & Synthesis Resource Utilization by Entity                                                                                                                                          ;
+------------------------------+-------------------+--------------+-------------+--------------+---------+-----------+------+--------------+------------------------------------+--------------+
; Compilation Hierarchy Node   ; LC Combinationals ; LC Registers ; Memory Bits ; DSP Elements ; DSP 9x9 ; DSP 18x18 ; Pins ; Virtual Pins ; Full Hierarchy Name                ; Library Name ;
+------------------------------+-------------------+--------------+-------------+--------------+---------+-----------+------+--------------+------------------------------------+--------------+
; |myULA_top                   ; 247 (0)           ; 16 (0)       ; 0           ; 0            ; 0       ; 0         ; 47   ; 0            ; |myULA_top                         ; work         ;
;    |drv_7segm:inst|          ; 140 (140)         ; 0 (0)        ; 0           ; 0            ; 0       ; 0         ; 0    ; 0            ; |myULA_top|drv_7segm:inst          ; work         ;
;    |logica_8bits:inst1|      ; 2 (2)             ; 0 (0)        ; 0           ; 0            ; 0       ; 0         ; 0    ; 0            ; |myULA_top|logica_8bits:inst1      ; work         ;
;    |mux_8bits_4x1:inst2|     ; 8 (8)             ; 8 (8)        ; 0           ; 0            ; 0       ; 0         ; 0    ; 0            ; |myULA_top|mux_8bits_4x1:inst2     ; work         ;
;    |mux_8bits_4x1:inst7|     ; 41 (41)           ; 8 (8)        ; 0           ; 0            ; 0       ; 0         ; 0    ; 0            ; |myULA_top|mux_8bits_4x1:inst7     ; work         ;
;    |registrador_8bits:inst3| ; 8 (8)             ; 0 (0)        ; 0           ; 0            ; 0       ; 0         ; 0    ; 0            ; |myULA_top|registrador_8bits:inst3 ; work         ;
;    |registrador_8bits:inst6| ; 8 (8)             ; 0 (0)        ; 0           ; 0            ; 0       ; 0         ; 0    ; 0            ; |myULA_top|registrador_8bits:inst6 ; work         ;
;    |shifter_8bits:inst4|     ; 24 (24)           ; 0 (0)        ; 0           ; 0            ; 0       ; 0         ; 0    ; 0            ; |myULA_top|shifter_8bits:inst4     ; work         ;
;    |soma_8bits:inst5|        ; 16 (16)           ; 0 (0)        ; 0           ; 0            ; 0       ; 0         ; 0    ; 0            ; |myULA_top|soma_8bits:inst5        ; work         ;
+------------------------------+-------------------+--------------+-------------+--------------+---------+-----------+------+--------------+------------------------------------+--------------+
Note: For table entries with two numbers listed, the numbers in parentheses indicate the number of resources of the given type used by the specific entity alone. The numbers listed outside of parentheses indicate the total resources of the given type used by the specific entity and all of its sub-entities in the hierarchy.


+----------------------------------------------------------------------------------------------------+
; User-Specified and Inferred Latches                                                                ;
+-----------------------------------------------------+---------------------+------------------------+
; Latch Name                                          ; Latch Enable Signal ; Free of Timing Hazards ;
+-----------------------------------------------------+---------------------+------------------------+
; registrador_8bits:inst3|q[7]                        ; loadB               ; yes                    ;
; registrador_8bits:inst6|q[7]                        ; loadA               ; yes                    ;
; registrador_8bits:inst3|q[6]                        ; loadB               ; yes                    ;
; registrador_8bits:inst6|q[6]                        ; loadA               ; yes                    ;
; registrador_8bits:inst3|q[5]                        ; loadB               ; yes                    ;
; registrador_8bits:inst6|q[5]                        ; loadA               ; yes                    ;
; registrador_8bits:inst3|q[4]                        ; loadB               ; yes                    ;
; registrador_8bits:inst6|q[4]                        ; loadA               ; yes                    ;
; registrador_8bits:inst3|q[3]                        ; loadB               ; yes                    ;
; registrador_8bits:inst6|q[3]                        ; loadA               ; yes                    ;
; registrador_8bits:inst3|q[2]                        ; loadB               ; yes                    ;
; registrador_8bits:inst6|q[2]                        ; loadA               ; yes                    ;
; registrador_8bits:inst3|q[1]                        ; loadB               ; yes                    ;
; registrador_8bits:inst6|q[1]                        ; loadA               ; yes                    ;
; registrador_8bits:inst6|q[0]                        ; loadA               ; yes                    ;
; registrador_8bits:inst3|q[0]                        ; loadB               ; yes                    ;
; Number of user-specified and inferred latches = 16  ;                     ;                        ;
+-----------------------------------------------------+---------------------+------------------------+
Note: All latches listed above may not be present at the end of synthesis due to various synthesis optimizations.


+------------------------------------------------------+
; General Register Statistics                          ;
+----------------------------------------------+-------+
; Statistic                                    ; Value ;
+----------------------------------------------+-------+
; Total registers                              ; 16    ;
; Number of registers using Synchronous Clear  ; 0     ;
; Number of registers using Synchronous Load   ; 12    ;
; Number of registers using Asynchronous Clear ; 0     ;
; Number of registers using Asynchronous Load  ; 0     ;
; Number of registers using Clock Enable       ; 0     ;
; Number of registers using Preset             ; 0     ;
+----------------------------------------------+-------+


+---------------------------------------------------------------------------------------------------------------------------------------------------+
; Multiplexer Restructuring Statistics (Restructuring Performed)                                                                                    ;
+--------------------+-----------+---------------+----------------------+------------------------+------------+-------------------------------------+
; Multiplexer Inputs ; Bus Width ; Baseline Area ; Area if Restructured ; Saving if Restructured ; Registered ; Example Multiplexer Output          ;
+--------------------+-----------+---------------+----------------------+------------------------+------------+-------------------------------------+
; 4:1                ; 8 bits    ; 16 LEs        ; 16 LEs               ; 0 LEs                  ; Yes        ; |myULA_top|mux_8bits_4x1:inst2|q[3] ;
; 11:1               ; 2 bits    ; 14 LEs        ; 12 LEs               ; 2 LEs                  ; Yes        ; |myULA_top|mux_8bits_4x1:inst7|q[5] ;
; 11:1               ; 2 bits    ; 14 LEs        ; 12 LEs               ; 2 LEs                  ; Yes        ; |myULA_top|mux_8bits_4x1:inst7|q[3] ;
; 12:1               ; 2 bits    ; 16 LEs        ; 12 LEs               ; 4 LEs                  ; Yes        ; |myULA_top|mux_8bits_4x1:inst7|q[0] ;
+--------------------+-----------+---------------+----------------------+------------------------+------------+-------------------------------------+


+-------------------------------+
; Elapsed Time Per Partition    ;
+----------------+--------------+
; Partition Name ; Elapsed Time ;
+----------------+--------------+
; Top            ; 00:00:02     ;
+----------------+--------------+


+-------------------------------+
; Analysis & Synthesis Messages ;
+-------------------------------+
Info: *******************************************************************
Info: Running Quartus II 64-Bit Analysis & Synthesis
    Info: Version 13.0.1 Build 232 06/12/2013 Service Pack 1 SJ Web Edition
    Info: Processing started: Fri Oct 06 14:58:05 2017
Info: Command: quartus_map --read_settings_files=on --write_settings_files=off myULA -c myULA
Warning (20028): Parallel compilation is not licensed and has been disabled
Info (12021): Found 1 design units, including 1 entities, in source file myula_top.bdf
    Info (12023): Found entity 1: myULA_top
Info (12021): Found 2 design units, including 1 entities, in source file registrador.vhd
    Info (12022): Found design unit 1: registrador_8bits-arq
    Info (12023): Found entity 1: registrador_8bits
Info (12021): Found 2 design units, including 1 entities, in source file operaçãologica.vhd
    Info (12022): Found design unit 1: logica_8bits-arq
    Info (12023): Found entity 1: logica_8bits
Info (12021): Found 2 design units, including 1 entities, in source file delocbits.vhd
    Info (12022): Found design unit 1: shifter_8bits-arq
    Info (12023): Found entity 1: shifter_8bits
Info (12021): Found 2 design units, including 1 entities, in source file somado&subtrator.vhd
    Info (12022): Found design unit 1: soma_8bits-arq
    Info (12023): Found entity 1: soma_8bits
Info (12021): Found 2 design units, including 1 entities, in source file multiplexador.vhd
    Info (12022): Found design unit 1: mux_8bits_4x1-arq
    Info (12023): Found entity 1: mux_8bits_4x1
Info (12021): Found 2 design units, including 1 entities, in source file drv_7segm.vhd
    Info (12022): Found design unit 1: drv_7segm-seja
    Info (12023): Found entity 1: drv_7segm
Info (12127): Elaborating entity "myULA_top" for the top level hierarchy
Warning (275011): Block or symbol "registrador_8bits" of instance "inst6" overlaps another block or symbol
Info (12128): Elaborating entity "soma_8bits" for hierarchy "soma_8bits:inst5"
Info (12128): Elaborating entity "registrador_8bits" for hierarchy "registrador_8bits:inst6"
Warning (10492): VHDL Process Statement warning at registrador.vhd(19): signal "d" is read inside the Process Statement but isn't in the Process Statement's sensitivity list
Warning (10631): VHDL Process Statement warning at registrador.vhd(13): inferring latch(es) for signal or variable "q", which holds its previous value in one or more paths through the process
Info (10041): Inferred latch for "q[0]" at registrador.vhd(13)
Info (10041): Inferred latch for "q[1]" at registrador.vhd(13)
Info (10041): Inferred latch for "q[2]" at registrador.vhd(13)
Info (10041): Inferred latch for "q[3]" at registrador.vhd(13)
Info (10041): Inferred latch for "q[4]" at registrador.vhd(13)
Info (10041): Inferred latch for "q[5]" at registrador.vhd(13)
Info (10041): Inferred latch for "q[6]" at registrador.vhd(13)
Info (10041): Inferred latch for "q[7]" at registrador.vhd(13)
Info (12128): Elaborating entity "drv_7segm" for hierarchy "drv_7segm:inst"
Info (12128): Elaborating entity "mux_8bits_4x1" for hierarchy "mux_8bits_4x1:inst2"
Info (12128): Elaborating entity "logica_8bits" for hierarchy "logica_8bits:inst1"
Info (12128): Elaborating entity "shifter_8bits" for hierarchy "shifter_8bits:inst4"
Warning (13024): Output pins are stuck at VCC or GND
    Warning (13410): Pin "hex2[6]" is stuck at VCC
    Warning (13410): Pin "hex2[2]" is stuck at GND
    Warning (13410): Pin "hex2[1]" is stuck at GND
    Warning (13410): Pin "hex3[5]" is stuck at VCC
    Warning (13410): Pin "hex3[4]" is stuck at VCC
    Warning (13410): Pin "hex3[3]" is stuck at VCC
    Warning (13410): Pin "hex3[2]" is stuck at VCC
    Warning (13410): Pin "hex3[1]" is stuck at VCC
    Warning (13410): Pin "hex3[0]" is stuck at VCC
Info (286030): Timing-Driven Synthesis is running
Info (16010): Generating hard_block partition "hard_block:auto_generated_inst"
    Info (16011): Adding 0 node(s), including 0 DDIO, 0 PLL, 0 transceiver and 0 LCELL
Info (21057): Implemented 294 device resources after synthesis - the final resource count might be different
    Info (21058): Implemented 18 input pins
    Info (21059): Implemented 29 output pins
    Info (21061): Implemented 247 logic cells
Info: Quartus II 64-Bit Analysis & Synthesis was successful. 0 errors, 14 warnings
    Info: Peak virtual memory: 477 megabytes
    Info: Processing ended: Fri Oct 06 14:58:15 2017
    Info: Elapsed time: 00:00:10
    Info: Total CPU time (on all processors): 00:00:04


